In clock cycle: 0
Register Write to Reg: 0x01 Val: 0x10010000
In clock cycle: 1
Register Write to Reg: 0x1D Val: 0x10011000
In clock cycle: 2
Register Write to Reg: 0x08 Val: 0x00000005
In clock cycle: 3
Register Write to Reg: 0x09 Val: 0x00000010
In clock cycle: 4
Register Write to Reg: 0x08 Val: 0x00000015
In clock cycle: 5
Register Write to Reg: 0x08 Val: 0x00000025
In clock cycle: 6
Register Write to Reg: 0x01 Val: 0x00100000
In clock cycle: 7
Register Write to Reg: 0x01 Val: 0x00100000
In clock cycle: 8
Register Write to Reg: 0x09 Val: 0x00100025
In clock cycle: 9
Register Write to Reg: 0x0A Val: 0x00000020
In clock cycle: 10
Register Write to Reg: 0x0A Val: 0x00000000
In clock cycle: 11
Register Write to Reg: 0x0B Val: 0x10010000
In clock cycle: 12
Memory Write to Addr: 0x10011000 Val: 0x10010000
In clock cycle: 13
Register Write to Reg: 0x0C Val: 0x10010000
In clock cycle: 14
Register Write to Reg: 0x0D Val: 0xEFFEFFFF
In clock cycle: 15
Register Write to Reg: 0x0D Val: 0xFFFFFFFF
In clock cycle: 16
Register Write to Reg: 0x01 Val: 0x10010000
In clock cycle: 17
Register Write to Reg: 0x01 Val: 0x10010000
In clock cycle: 18
Register Write to Reg: 0x0D Val: 0xEFFEFFFF
In clock cycle: 19
Register Write to Reg: 0x0E Val: 0xEFFEFFFF
In clock cycle: 20
Register Write to Reg: 0x01 Val: 0x10010000
In clock cycle: 21
Register Write to Reg: 0x01 Val: 0x10010000
In clock cycle: 22
Register Write to Reg: 0x0E Val: 0xFFFFFFFF
In clock cycle: 23
Register Write to Reg: 0x0F Val: 0x00000001
In clock cycle: 24
Register Write to Reg: 0x0F Val: 0x00000000
In clock cycle: 25
Register Write to Reg: 0x0F Val: 0x00000001
In clock cycle: 26
Register Write to Reg: 0x18 Val: 0x00000010
In clock cycle: 27
Register Write to Reg: 0x01 Val: 0xFFFF0000
In clock cycle: 28
Register Write to Reg: 0x01 Val: 0xFFFF1234
In clock cycle: 29
Register Write to Reg: 0x0F Val: 0xFFFF1234
In clock cycle: 30
Register Write to Reg: 0x18 Val: 0x3FFFC48D
In clock cycle: 31
Register Write to Reg: 0x19 Val: 0xFFFFC48D
In clock cycle: 32
Register Write to Reg: 0x08 Val: 0x00000020
In clock cycle: 33
Register Write to Reg: 0x09 Val: 0x00000040
In clock cycle: 34
Register Write to Reg: 0x0A Val: 0x00000020
In clock cycle: 35
Register Write to Reg: 0x0A Val: 0x00000000
In clock cycle: 36
Register Write to Reg: 0x08 Val: 0x00000020
In clock cycle: 37
Register Write to Reg: 0x09 Val: 0x00000019
In clock cycle: 38
Register Write to Reg: 0x19 Val: 0xFFFFC48C
In clock cycle: 39
Register Write to Reg: 0x0A Val: 0x00000000
In clock cycle: 41
Register Write to Reg: 0x0F Val: 0x00000004
In clock cycle: 42
Register Write to Reg: 0x18 Val: 0x00000014
In clock cycle: 43
Register Write to Reg: 0x1F Val: 0x004000B0
In clock cycle: 44
Register Write to Reg: 0x19 Val: 0x00000018
In clock cycle: 45
Register Write to Reg: 0x0E Val: 0x00000018
In clock cycle: 47
Register Write to Reg: 0x08 Val: 0x00000000
In clock cycle: 48
Register Write to Reg: 0x01 Val: 0x00000001
In clock cycle: 50
Register Write to Reg: 0x19 Val: 0x00000001
In clock cycle: 51
Register Write to Reg: 0x00 Val: 0x00000000
Execution is stopping! Clock Cycle: 51
